Warning: The max_paths value of 9999999 passed to the report_timing command has exceeded the max_paths limit. The command will continue using the max_paths limit of 2000000. (UITE-503)
Warning: AOCVM path-based analysis can take a long time if path-specific slew propagation is also performed. (UITE-487)
****************************************
Report : timing
	-path_type full
	-delay_type max
	-input_pins
	-nets
	-slack_lesser_than 0.000
	-max_paths 2000000
	-crosstalk_delta
	-derate
	-pba_mode path
	-sort_by slack
Design : pcie_wrapper
Version: M-2017.06-SP3
Date   : Tue Dec 12 14:58:56 2017
****************************************

No paths with slack less than 0.000.

1
